<?xml version="1.0" encoding="UTF-8"?>
<!-- Generated by org.testng.reporters.JUnitReportReporter -->
<testsuite hostname="DESKTOP-CT64RQJ" failures="0" tests="1" name="testNG.Fb_passedlogin" time="26.980" errors="0" timestamp="2021-10-07T11:44:54 IST" skipped="0">
  <testcase classname="testNG.Fb_passedlogin" name="f" time="26.980"/>
  <system-out/>
</testsuite> <!-- testNG.Fb_passedlogin -->
