<?xml version="1.0" encoding="UTF-8"?>
<!-- Generated by org.testng.reporters.JUnitReportReporter -->
<testsuite hostname="DESKTOP-CT64RQJ" failures="0" tests="5" name="testNG.just_recharge_dataprovider" time="58.951" errors="0" timestamp="2021-10-09T22:51:14 IST" skipped="0">
  <testcase classname="testNG.just_recharge_dataprovider" name="f" time="11.376"/>
  <system-out/>
  <testcase classname="testNG.just_recharge_dataprovider" name="f" time="11.176"/>
  <system-out/>
  <testcase classname="testNG.just_recharge_dataprovider" name="f" time="11.702"/>
  <system-out/>
  <testcase classname="testNG.just_recharge_dataprovider" name="f" time="12.211"/>
  <system-out/>
  <testcase classname="testNG.just_recharge_dataprovider" name="f" time="12.486"/>
  <system-out/>
</testsuite> <!-- testNG.just_recharge_dataprovider -->
